[STARTUP] 2025-05-29T11:26:49.111Z - 🟢 บอท JIMMY BOT#8348 เริ่มทำงานเรียบร้อยแล้ว
[INFO] 2025-05-29T11:26:49.112Z - ℹ️ ข้อมูล: 🧹 ลบข้อความเก่าของบอทแล้วทั้งหมด 1 ข้อความ
[STARTUP] 2025-05-29T11:27:34.913Z - 🟢 บอท JIMMY BOT#8348 เริ่มทำงานเรียบร้อยแล้ว
[INFO] 2025-05-29T11:27:34.915Z - ℹ️ ข้อมูล: 🧹 ลบข้อความเก่าของบอทแล้วทั้งหมด 1 ข้อความ
[STARTUP] 2025-05-29T11:31:34.628Z - 🟢 บอท JIMMY BOT#8348 เริ่มทำงานเรียบร้อยแล้ว
[INFO] 2025-05-29T11:31:34.629Z - ℹ️ ข้อมูล: 🧹 ลบข้อความเก่าของบอทแล้วทั้งหมด 1 ข้อความ
[STARTUP] 2025-05-29T11:32:28.811Z - 🟢 บอท JIMMY BOT#8348 เริ่มทำงานเรียบร้อยแล้ว
[INFO] 2025-05-29T11:32:28.812Z - ℹ️ ข้อมูล: 🧹 ลบข้อความเก่าของบอทแล้วทั้งหมด 1 ข้อความ
[STARTUP] 2025-05-29T11:40:04.154Z - 🟢 บอท JIMMY BOT#8348 เริ่มทำงานเรียบร้อยแล้ว
[INFO] 2025-05-29T11:40:04.155Z - ℹ️ ข้อมูล: 🧹 ลบข้อความเก่าของบอทแล้วทั้งหมด 1 ข้อความ
[STARTUP] 2025-05-29T11:42:58.307Z - 🟢 บอท JIMMY BOT#8348 เริ่มทำงานเรียบร้อยแล้ว
[INFO] 2025-05-29T11:42:58.308Z - ℹ️ ข้อมูล: 🧹 ลบข้อความเก่าของบอทแล้วทั้งหมด 1 ข้อความ
[ERROR] 2025-05-29T11:42:58.309Z - ❌ Client Error: path is not defined
[STARTUP] 2025-05-29T11:44:16.357Z - 🟢 บอท JIMMY BOT#8348 เริ่มทำงานเรียบร้อยแล้ว
[INFO] 2025-05-29T11:44:16.358Z - ℹ️ ข้อมูล: ℹ️ ไม่พบข้อความเก่าที่บอทเคยส่งในช่องนี้
[ERROR] 2025-05-29T11:44:16.359Z - ❌ Client Error: AttachmentBuilder is not defined
[STARTUP] 2025-05-29T11:45:00.736Z - 🟢 บอท JIMMY BOT#8348 เริ่มทำงานเรียบร้อยแล้ว
[INFO] 2025-05-29T11:45:00.737Z - ℹ️ ข้อมูล: ℹ️ ไม่พบข้อความเก่าที่บอทเคยส่งในช่องนี้
[STARTUP] 2025-05-29T11:47:03.767Z - 🟢 บอท JIMMY BOT#8348 เริ่มทำงานเรียบร้อยแล้ว
[INFO] 2025-05-29T11:47:03.768Z - ℹ️ ข้อมูล: 🧹 ลบข้อความเก่าของบอทแล้วทั้งหมด 2 ข้อความ
[STARTUP] 2025-05-29T11:47:54.158Z - 🟢 บอท JIMMY BOT#8348 เริ่มทำงานเรียบร้อยแล้ว
[INFO] 2025-05-29T11:47:54.159Z - ℹ️ ข้อมูล: 🧹 ลบข้อความเก่าของบอทแล้วทั้งหมด 2 ข้อความ
[ERROR] 2025-05-29T11:47:54.161Z - ❌ Client Error: attachment is not defined
[STARTUP] 2025-05-29T11:49:55.793Z - 🟢 บอท JIMMY BOT#8348 เริ่มทำงานเรียบร้อยแล้ว
[INFO] 2025-05-29T11:49:55.795Z - ℹ️ ข้อมูล: ℹ️ ไม่พบข้อความเก่าที่บอทเคยส่งในช่องนี้
[STARTUP] 2025-05-29T11:50:52.100Z - 🟢 บอท JIMMY BOT#8348 เริ่มทำงานเรียบร้อยแล้ว
[INFO] 2025-05-29T11:50:52.101Z - ℹ️ ข้อมูล: 🧹 ลบข้อความเก่าของบอทแล้วทั้งหมด 2 ข้อความ
[ERROR] 2025-05-29T11:50:52.103Z - ❌ Client Error: attachment is not defined
[STARTUP] 2025-05-29T11:53:04.413Z - 🟢 บอท JIMMY BOT#8348 เริ่มทำงานเรียบร้อยแล้ว
[INFO] 2025-05-29T11:53:04.414Z - ℹ️ ข้อมูล: ℹ️ ไม่พบข้อความเก่าที่บอทเคยส่งในช่องนี้
[STARTUP] 2025-05-29T11:53:41.638Z - 🟢 บอท JIMMY BOT#8348 เริ่มทำงานเรียบร้อยแล้ว
[INFO] 2025-05-29T11:53:41.639Z - ℹ️ ข้อมูล: 🧹 ลบข้อความเก่าของบอทแล้วทั้งหมด 2 ข้อความ
[STARTUP] 2025-05-29T11:55:04.869Z - 🟢 บอท JIMMY BOT#8348 เริ่มทำงานเรียบร้อยแล้ว
[INFO] 2025-05-29T11:55:04.870Z - ℹ️ ข้อมูล: 🧹 ลบข้อความเก่าของบอทแล้วทั้งหมด 2 ข้อความ
[STARTUP] 2025-05-29T11:57:44.760Z - 🟢 บอท JIMMY BOT#8348 เริ่มทำงานเรียบร้อยแล้ว
[INFO] 2025-05-29T11:57:44.761Z - ℹ️ ข้อมูล: 🧹 ลบข้อความเก่าของบอทแล้วทั้งหมด 1 ข้อความ
[STARTUP] 2025-05-29T11:58:13.834Z - 🟢 บอท JIMMY BOT#8348 เริ่มทำงานเรียบร้อยแล้ว
[INFO] 2025-05-29T11:58:13.835Z - ℹ️ ข้อมูล: 🧹 ลบข้อความเก่าของบอทแล้วทั้งหมด 1 ข้อความ
[STARTUP] 2025-05-29T12:18:48.444Z - 🟢 บอท JIMMY BOT#8348 เริ่มทำงานเรียบร้อยแล้ว
[INFO] 2025-05-29T12:18:48.445Z - ℹ️ ข้อมูล: 🧹 ลบข้อความเก่าของบอทแล้วทั้งหมด 1 ข้อความ
[STARTUP] 2025-05-29T12:21:06.890Z - 🟢 บอท JIMMY BOT#8348 เริ่มทำงานเรียบร้อยแล้ว
[INFO] 2025-05-29T12:21:06.891Z - ℹ️ ข้อมูล: 🧹 ลบข้อความเก่าของบอทแล้วทั้งหมด 1 ข้อความ
[STARTUP] 2025-05-29T13:42:02.649Z - 🟢 บอท JIMMY BOT#8348 เริ่มทำงานเรียบร้อยแล้ว
[INFO] 2025-05-29T13:42:02.650Z - ℹ️ ข้อมูล: 🧹 ลบข้อความเก่าของบอทแล้วทั้งหมด 1 ข้อความ
[STARTUP] 2025-05-29T13:46:14.054Z - 🟢 บอท JIMMY BOT#8348 เริ่มทำงานเรียบร้อยแล้ว
[INFO] 2025-05-29T13:46:14.057Z - ℹ️ ข้อมูล: 🧹 ลบข้อความเก่าของบอทแล้วทั้งหมด 1 ข้อความ
[STARTUP] 2025-05-30T00:41:42.251Z - 🟢 บอท JIMMY BOT#8348 เริ่มทำงานเรียบร้อยแล้ว
[INFO] 2025-05-30T00:41:42.257Z - ℹ️ ข้อมูล: 🧹 ลบข้อความเก่าของบอทแล้วทั้งหมด 1 ข้อความ
